Unknown:
D:\local\utn\me2\LNA_CPWG\LNA_CPWG\Result\hardware_resources.sconf
D:\local\utn\me2\LNA_CPWG\LNA_CPWG\Result\Model.log
D:\local\utn\me2\LNA_CPWG\LNA_CPWG\Result\Model.sa
D:\local\utn\me2\LNA_CPWG\LNA_CPWG\Result\SolCoef(#0000)_1(1).scf
D:\local\utn\me2\LNA_CPWG\LNA_CPWG\Result\SolCoef(#0000)_2(1).scf
D:\local\utn\me2\LNA_CPWG\LNA_CPWG\Result\SolCoef(#0000)_3(1).scf
D:\local\utn\me2\LNA_CPWG\LNA_CPWG\Result\SolCoef(#0000)_4(1).scf
D:\local\utn\me2\LNA_CPWG\LNA_CPWG\Result\SolCoef(#0003)_1(1).scf
D:\local\utn\me2\LNA_CPWG\LNA_CPWG\Result\SolCoef(#0003)_2(1).scf
D:\local\utn\me2\LNA_CPWG\LNA_CPWG\Result\SolCoef(#0003)_3(1).scf
D:\local\utn\me2\LNA_CPWG\LNA_CPWG\Result\SolCoef(#0003)_4(1).scf
Mesh:
D:\local\utn\me2\LNA_CPWG\LNA_CPWG\Result\3do.slim
D:\local\utn\me2\LNA_CPWG\LNA_CPWG\Result\bad0.tet
D:\local\utn\me2\LNA_CPWG\LNA_CPWG\Result\log.tet
D:\local\utn\me2\LNA_CPWG\LNA_CPWG\Result\Mesh_Input.Entities2Mesh.tet
D:\local\utn\me2\LNA_CPWG\LNA_CPWG\Result\Mesh_Input.Options.tet
D:\local\utn\me2\LNA_CPWG\LNA_CPWG\Result\Mesh_Input.Properties.tet
D:\local\utn\me2\LNA_CPWG\LNA_CPWG\Result\Mesh_Input.QuasiModel.tet
D:\local\utn\me2\LNA_CPWG\LNA_CPWG\Result\Mesh_Output.QuasiModel.tet
D:\local\utn\me2\LNA_CPWG\LNA_CPWG\Result\Mesh_Output.U2F.tet
D:\local\utn\me2\LNA_CPWG\LNA_CPWG\Result\mir.tet
D:\local\utn\me2\LNA_CPWG\LNA_CPWG\Result\moegeom.tet
D:\local\utn\me2\LNA_CPWG\LNA_CPWG\Result\Port1.slim
D:\local\utn\me2\LNA_CPWG\LNA_CPWG\Result\Port10.slim
D:\local\utn\me2\LNA_CPWG\LNA_CPWG\Result\Port11.slim
D:\local\utn\me2\LNA_CPWG\LNA_CPWG\Result\Port12.slim
D:\local\utn\me2\LNA_CPWG\LNA_CPWG\Result\Port13.slim
D:\local\utn\me2\LNA_CPWG\LNA_CPWG\Result\Port14.slim
D:\local\utn\me2\LNA_CPWG\LNA_CPWG\Result\Port15.slim
D:\local\utn\me2\LNA_CPWG\LNA_CPWG\Result\Port16.slim
D:\local\utn\me2\LNA_CPWG\LNA_CPWG\Result\Port17.slim
D:\local\utn\me2\LNA_CPWG\LNA_CPWG\Result\Port2.slim
D:\local\utn\me2\LNA_CPWG\LNA_CPWG\Result\Port5.slim
D:\local\utn\me2\LNA_CPWG\LNA_CPWG\Result\Port6.slim
D:\local\utn\me2\LNA_CPWG\LNA_CPWG\Result\Port7.slim
D:\local\utn\me2\LNA_CPWG\LNA_CPWG\Result\Port8.slim
D:\local\utn\me2\LNA_CPWG\LNA_CPWG\Result\Port9.slim
D:\local\utn\me2\LNA_CPWG\LNA_CPWG\Result\refinementparents.tet
D:\local\utn\me2\LNA_CPWG\LNA_CPWG\Result\reftags.tet
D:\local\utn\me2\LNA_CPWG\LNA_CPWG\Result\tetquality.tet
D:\local\utn\me2\LNA_CPWG\LNA_CPWG\Result\topot.tet
Port:
D:\local\utn\me2\LNA_CPWG\LNA_CPWG\Result\Model.pmi
