2024-08-14 16:18:00   In order to get an optimal performance, hyperthreading is ignored for parallel
                      computations.

                      ------------------------------------------------------------------------------
2024-08-14 16:18:00   Please prefer discrete face ports over discrete edge ports. The Frequency
                      Domain solver may benefit from face ports in terms of accuracy and run time.
                      For convenience, a conversion macro exists in "Macros->Construct->Discrete
                      Ports".

                      ------------------------------------------------------------------------------
2024-08-14 16:18:00   The length ratio between the shortest and the longest model edges is 1:11310.
                      Short model edges can be highlighted via Mesh:Mesh Control->Check Mesh->Check
                      Model Edge Length.... (It may be advantageous to model the metallizations as
                      infinitely thin sheets.) More...

                      ------------------------------------------------------------------------------
2024-08-14 16:18:00   --- Material prioritization table with "ElectricConductivity" scheme was used
                      ---
                       - ME2_LNA(PCB1)/Copper
                       - ME2_LNA(PCB1)/PEC Sheets
                       - ME2_LNA(PCB1)/VIAS_MATERIAL
                       - PEC
                       - $CoilMaterial$
                       - $NFSMaterial$
                       - ME2_LNA(PCB1)/MATERIAL
                       - Vacuum
                       - air_0

                      ------------------------------------------------------------------------------
2024-08-14 16:18:07   Units settings: 

                        Dimensions: mm
                        Frequency:  MHz
                        Time:       ns

                      ------------------------------------------------------------------------------
2024-08-14 16:18:07   Boundary conditions: 

                        YZsymmetry: none
                        XZsymmetry: none
                        XYsymmetry: none

                        Xmin: open
                        Xmax: open

                        Ymin: open
                        Ymax: open

                        Zmin: open
                        Zmax: open

                      ------------------------------------------------------------------------------
2024-08-14 16:18:07   Order settings: 

                        Solver order   : 2nd (constant)
                        Curved elements: up to order 3 (automatic)

                      ------------------------------------------------------------------------------
2024-08-14 16:18:08   An iterative solver will be used first.

                      ------------------------------------------------------------------------------
2024-08-14 16:18:08     Mesh time                :	6 s


                      ------------------------------------------------------------------------------
2024-08-14 16:18:08   
                      ================================================================================
                      Frequency Domain Solver calculation cycle started

                      ------------------------------------------------------------------------------
2024-08-14 16:18:08   Solver started at: 2024-08-14 16:18:08 -0300

                        Module:  Frequency Domain: S-Parameter (Win 64)
                        Version: 2024.0 Release from 2023-09-01 (change 1164796)

                      ------------------------------------------------------------------------------
2024-08-14 16:18:08   All discrete face ports are using a numerically calculated field, regardless of the port's shape.

                      ------------------------------------------------------------------------------
2024-08-14 16:18:08     Calculation 1 of 1 (Frequency: 666.667 MHz)


                      ------------------------------------------------------------------------------
2024-08-14 16:18:10   For some elements the curvature had to be reduced to maintain the quality of the mesh. More...

                      ------------------------------------------------------------------------------
2024-08-14 16:18:12   For some elements the curvature had to be reduced to maintain the quality of the mesh. More...

                      ------------------------------------------------------------------------------
2024-08-14 16:18:14   Adaptive mesh refinement pass 1

                      ------------------------------------------------------------------------------
2024-08-14 16:18:15   Performing block excitation with block size 4 and 4 threads.  More...

                      ------------------------------------------------------------------------------
2024-08-14 16:18:30     Matrix setup time        :	0 s
                        Degrees of freedom       :	150718
                        Number of mesh cells     :	20898

                        Stimulation port         :	1
                        Accuracy                 :	9.77859e-05
                        Iterations               :	141
                        Solver time              :	15 s


                      ------------------------------------------------------------------------------
2024-08-14 16:18:30     Stimulation port         :	2
                        Accuracy                 :	8.20493e-05
                        Iterations               :	134
                        Solver time              :	14 s


                      ------------------------------------------------------------------------------
2024-08-14 16:18:30     Stimulation port         :	3
                        Accuracy                 :	7.64569e-05
                        Iterations               :	134
                        Solver time              :	14 s


                      ------------------------------------------------------------------------------
2024-08-14 16:18:30     Stimulation port         :	4
                        Accuracy                 :	9.27728e-05
                        Iterations               :	134
                        Solver time              :	14 s


                      ------------------------------------------------------------------------------
2024-08-14 16:18:31   2% of all mesh edges seem to be longer than expected. The adaptive mesh refinement's growth limitation will therefore 
                      use 24176 instead of 17280 mesh cells as a reference.

                      ------------------------------------------------------------------------------
2024-08-14 16:18:34   For some elements the curvature had to be reduced to maintain the quality of the mesh. More...

                      ------------------------------------------------------------------------------
2024-08-14 16:18:34   The direct solver will be used.

                      ------------------------------------------------------------------------------
2024-08-14 16:18:35   Adaptive mesh refinement pass 2

                      ------------------------------------------------------------------------------
2024-08-14 16:18:39     Matrix setup time        :	1 s
                        Solver setup             :	2 s
                        Degrees of freedom       :	201574
                        Number of mesh cells     :	28352

                        Stimulation port         :	1
                        Accuracy                 :	1.89593e-12
                        Iterations               :	1
                        Solver time              :	0 s


                      ------------------------------------------------------------------------------
2024-08-14 16:18:39     Stimulation port         :	2
                        Accuracy                 :	1.68991e-12
                        Iterations               :	1
                        Solver time              :	0 s


                      ------------------------------------------------------------------------------
2024-08-14 16:18:39     Stimulation port         :	3
                        Accuracy                 :	1.13843e-12
                        Iterations               :	1
                        Solver time              :	0 s


                      ------------------------------------------------------------------------------
2024-08-14 16:18:39     Stimulation port         :	4
                        Accuracy                 :	1.44289e-12
                        Iterations               :	1
                        Solver time              :	0 s


                      ------------------------------------------------------------------------------
2024-08-14 16:18:39     Delta calculation        
2024-08-14 16:18:39     All S-Parameters         :	0.0846798
2024-08-14 16:18:39   

                      ------------------------------------------------------------------------------
2024-08-14 16:18:44   For some elements the curvature had to be reduced to maintain the quality of the mesh. More...

                      ------------------------------------------------------------------------------
2024-08-14 16:18:46   Adaptive mesh refinement pass 3

                      ------------------------------------------------------------------------------
2024-08-14 16:18:53     Matrix setup time        :	1 s
                        Solver setup             :	5 s
                        Degrees of freedom       :	292284
                        Number of mesh cells     :	41704

                        Stimulation port         :	1
                        Accuracy                 :	3.76771e-11
                        Iterations               :	1
                        Solver time              :	0 s


                      ------------------------------------------------------------------------------
2024-08-14 16:18:53     Stimulation port         :	2
                        Accuracy                 :	1.18213e-12
                        Iterations               :	1
                        Solver time              :	0 s


                      ------------------------------------------------------------------------------
2024-08-14 16:18:53     Stimulation port         :	3
                        Accuracy                 :	2.42538e-11
                        Iterations               :	1
                        Solver time              :	0 s


                      ------------------------------------------------------------------------------
2024-08-14 16:18:53     Stimulation port         :	4
                        Accuracy                 :	7.35268e-13
                        Iterations               :	1
                        Solver time              :	0 s


                      ------------------------------------------------------------------------------
2024-08-14 16:18:54     Delta calculation        
2024-08-14 16:18:54     All S-Parameters         :	0.0358288
2024-08-14 16:18:54   

                      ------------------------------------------------------------------------------
2024-08-14 16:19:00   For some elements the curvature had to be reduced to maintain the quality of the mesh. More...

                      ------------------------------------------------------------------------------
2024-08-14 16:19:01   Adaptive mesh refinement pass 4

                      ------------------------------------------------------------------------------
2024-08-14 16:19:11     Matrix setup time        :	1 s
                        Solver setup             :	7 s
                        Degrees of freedom       :	394524
                        Number of mesh cells     :	56972

                        Stimulation port         :	1
                        Accuracy                 :	6.95582e-12
                        Iterations               :	1
                        Solver time              :	0 s


                      ------------------------------------------------------------------------------
2024-08-14 16:19:11     Stimulation port         :	2
                        Accuracy                 :	1.35842e-12
                        Iterations               :	1
                        Solver time              :	0 s


                      ------------------------------------------------------------------------------
2024-08-14 16:19:11     Stimulation port         :	3
                        Accuracy                 :	3.68423e-12
                        Iterations               :	1
                        Solver time              :	0 s


                      ------------------------------------------------------------------------------
2024-08-14 16:19:11     Stimulation port         :	4
                        Accuracy                 :	4.02703e-13
                        Iterations               :	1
                        Solver time              :	0 s


                      ------------------------------------------------------------------------------
2024-08-14 16:19:11     Delta calculation        
2024-08-14 16:19:11     All S-Parameters         :	0.0219326
2024-08-14 16:19:11   

                      ------------------------------------------------------------------------------
2024-08-14 16:19:20   For some elements the curvature had to be reduced to maintain the quality of the mesh. More...

                      ------------------------------------------------------------------------------
2024-08-14 16:19:22   Adaptive mesh refinement pass 5

                      ------------------------------------------------------------------------------
2024-08-14 16:19:35     Matrix setup time        :	2 s
                        Solver setup             :	9 s
                        Degrees of freedom       :	537764
                        Number of mesh cells     :	78536

                        Stimulation port         :	1
                        Accuracy                 :	1.02261e-11
                        Iterations               :	1
                        Solver time              :	0 s


                      ------------------------------------------------------------------------------
2024-08-14 16:19:35     Stimulation port         :	2
                        Accuracy                 :	2.25261e-12
                        Iterations               :	1
                        Solver time              :	0 s


                      ------------------------------------------------------------------------------
2024-08-14 16:19:35     Stimulation port         :	3
                        Accuracy                 :	3.20461e-12
                        Iterations               :	1
                        Solver time              :	0 s


                      ------------------------------------------------------------------------------
2024-08-14 16:19:35     Stimulation port         :	4
                        Accuracy                 :	7.33512e-13
                        Iterations               :	1
                        Solver time              :	0 s


                      ------------------------------------------------------------------------------
2024-08-14 16:19:35     Delta calculation        
2024-08-14 16:19:35     All S-Parameters         :	0.0176077
2024-08-14 16:19:35   

                      ------------------------------------------------------------------------------
2024-08-14 16:19:35   Mesh adaptation terminated because the desired accuracy limit is reached.

                      ------------------------------------------------------------------------------
2024-08-14 16:19:35     Total time               :	87 s	 (= 0 h, 01 m, 27 s)

                      ------------------------------------------------------------------------------
2024-08-14 16:19:35   

                      ------------------------------------------------------------------------------
2024-08-14 16:19:36     Calculation 2 (Frequency: 2000 MHz)


                      ------------------------------------------------------------------------------
2024-08-14 16:19:44     Matrix setup time        :	1 s
                        Solver setup             :	6 s
                        Degrees of freedom       :	537764
                        Number of mesh cells     :	78536

                        Stimulation port         :	1
                        Accuracy                 :	6.02393e-12
                        Iterations               :	1
                        Solver time              :	0 s


                      ------------------------------------------------------------------------------
2024-08-14 16:19:44     Stimulation port         :	2
                        Accuracy                 :	8.21106e-12
                        Iterations               :	1
                        Solver time              :	0 s


                      ------------------------------------------------------------------------------
2024-08-14 16:19:44     Stimulation port         :	3
                        Accuracy                 :	4.71341e-12
                        Iterations               :	1
                        Solver time              :	0 s


                      ------------------------------------------------------------------------------
2024-08-14 16:19:44     Stimulation port         :	4
                        Accuracy                 :	2.15221e-12
                        Iterations               :	1
                        Solver time              :	0 s


                      ------------------------------------------------------------------------------
2024-08-14 16:19:44     Total time               :	8 s

                      ------------------------------------------------------------------------------
2024-08-14 16:19:44   

                      ------------------------------------------------------------------------------
2024-08-14 16:19:44     Calculation 3 (Frequency: 10 MHz)


                      ------------------------------------------------------------------------------
2024-08-14 16:19:53     Matrix setup time        :	1 s
                        Solver setup             :	6 s
                        Degrees of freedom       :	537764
                        Number of mesh cells     :	78536

                        Stimulation port         :	1
                        Accuracy                 :	1.75745e-12
                        Iterations               :	1
                        Solver time              :	0 s


                      ------------------------------------------------------------------------------
2024-08-14 16:19:53     Stimulation port         :	2
                        Accuracy                 :	1.61402e-13
                        Iterations               :	1
                        Solver time              :	0 s


                      ------------------------------------------------------------------------------
2024-08-14 16:19:53     Stimulation port         :	3
                        Accuracy                 :	1.25968e-12
                        Iterations               :	1
                        Solver time              :	0 s


                      ------------------------------------------------------------------------------
2024-08-14 16:19:53     Stimulation port         :	4
                        Accuracy                 :	1.17554e-12
                        Iterations               :	1
                        Solver time              :	0 s


                      ------------------------------------------------------------------------------
2024-08-14 16:19:53     Total time               :	8 s

                      ------------------------------------------------------------------------------
2024-08-14 16:19:53   

                      ------------------------------------------------------------------------------
2024-08-14 16:19:53     Calculation 4 (Frequency: 1000 MHz)


                      ------------------------------------------------------------------------------
2024-08-14 16:20:02     Matrix setup time        :	1 s
                        Solver setup             :	6 s
                        Degrees of freedom       :	537764
                        Number of mesh cells     :	78536

                        Stimulation port         :	1
                        Accuracy                 :	1.46477e-11
                        Iterations               :	1
                        Solver time              :	0 s


                      ------------------------------------------------------------------------------
2024-08-14 16:20:02     Stimulation port         :	2
                        Accuracy                 :	2.13348e-12
                        Iterations               :	1
                        Solver time              :	0 s


                      ------------------------------------------------------------------------------
2024-08-14 16:20:02     Stimulation port         :	3
                        Accuracy                 :	8.64668e-12
                        Iterations               :	1
                        Solver time              :	0 s


                      ------------------------------------------------------------------------------
2024-08-14 16:20:02     Stimulation port         :	4
                        Accuracy                 :	9.36607e-13
                        Iterations               :	1
                        Solver time              :	0 s


                      ------------------------------------------------------------------------------
2024-08-14 16:20:04     Generating results       :	1 s

                        Total time               :	10 s

                      ------------------------------------------------------------------------------
2024-08-14 16:20:04   

                      ------------------------------------------------------------------------------
2024-08-14 16:20:04     Calculation 5 (Frequency: 464 MHz)


                      ------------------------------------------------------------------------------
2024-08-14 16:20:14     Matrix setup time        :	1 s
                        Solver setup             :	7 s
                        Degrees of freedom       :	537764
                        Number of mesh cells     :	78536

                        Stimulation port         :	1
                        Accuracy                 :	1.46077e-12
                        Iterations               :	1
                        Solver time              :	0 s


                      ------------------------------------------------------------------------------
2024-08-14 16:20:14     Stimulation port         :	2
                        Accuracy                 :	1.42923e-12
                        Iterations               :	1
                        Solver time              :	0 s


                      ------------------------------------------------------------------------------
2024-08-14 16:20:14     Stimulation port         :	3
                        Accuracy                 :	5.62679e-13
                        Iterations               :	1
                        Solver time              :	0 s


                      ------------------------------------------------------------------------------
2024-08-14 16:20:14     Stimulation port         :	4
                        Accuracy                 :	3.94485e-13
                        Iterations               :	1
                        Solver time              :	0 s


                      ------------------------------------------------------------------------------
2024-08-14 16:20:14     Total time               :	10 s

                      ------------------------------------------------------------------------------
2024-08-14 16:20:14   

                      ------------------------------------------------------------------------------
2024-08-14 16:20:14     Calculation 6 (Frequency: 1344 MHz)


                      ------------------------------------------------------------------------------
2024-08-14 16:20:24     Matrix setup time        :	1 s
                        Solver setup             :	7 s
                        Degrees of freedom       :	537764
                        Number of mesh cells     :	78536

                        Stimulation port         :	1
                        Accuracy                 :	5.96909e-12
                        Iterations               :	1
                        Solver time              :	0 s


                      ------------------------------------------------------------------------------
2024-08-14 16:20:24     Stimulation port         :	2
                        Accuracy                 :	6.21434e-12
                        Iterations               :	1
                        Solver time              :	0 s


                      ------------------------------------------------------------------------------
2024-08-14 16:20:24     Stimulation port         :	3
                        Accuracy                 :	3.94147e-12
                        Iterations               :	1
                        Solver time              :	0 s


                      ------------------------------------------------------------------------------
2024-08-14 16:20:24     Stimulation port         :	4
                        Accuracy                 :	1.26032e-12
                        Iterations               :	1
                        Solver time              :	0 s


                      ------------------------------------------------------------------------------
2024-08-14 16:20:24     Total time               :	10 s

                      ------------------------------------------------------------------------------
2024-08-14 16:20:24   

                      ------------------------------------------------------------------------------
2024-08-14 16:20:24     Calculation 7 (Frequency: 274 MHz)


                      ------------------------------------------------------------------------------
2024-08-14 16:20:34     Matrix setup time        :	1 s
                        Solver setup             :	8 s
                        Degrees of freedom       :	537764
                        Number of mesh cells     :	78536

                        Stimulation port         :	1
                        Accuracy                 :	1.04227e-12
                        Iterations               :	1
                        Solver time              :	0 s


                      ------------------------------------------------------------------------------
2024-08-14 16:20:34     Stimulation port         :	2
                        Accuracy                 :	1.19609e-12
                        Iterations               :	1
                        Solver time              :	0 s


                      ------------------------------------------------------------------------------
2024-08-14 16:20:34     Stimulation port         :	3
                        Accuracy                 :	3.68423e-13
                        Iterations               :	1
                        Solver time              :	0 s


                      ------------------------------------------------------------------------------
2024-08-14 16:20:34     Stimulation port         :	4
                        Accuracy                 :	2.689e-13
                        Iterations               :	1
                        Solver time              :	0 s


                      ------------------------------------------------------------------------------
2024-08-14 16:20:35     Total time               :	10 s

                      ------------------------------------------------------------------------------
2024-08-14 16:20:35   

                      ------------------------------------------------------------------------------
2024-08-14 16:20:35     Calculation 8 (Frequency: 1772 MHz)


                      ------------------------------------------------------------------------------
2024-08-14 16:20:45     Matrix setup time        :	1 s
                        Solver setup             :	8 s
                        Degrees of freedom       :	537764
                        Number of mesh cells     :	78536

                        Stimulation port         :	1
                        Accuracy                 :	1.32949e-11
                        Iterations               :	1
                        Solver time              :	0 s


                      ------------------------------------------------------------------------------
2024-08-14 16:20:45     Stimulation port         :	2
                        Accuracy                 :	2.89299e-12
                        Iterations               :	1
                        Solver time              :	0 s


                      ------------------------------------------------------------------------------
2024-08-14 16:20:45     Stimulation port         :	3
                        Accuracy                 :	6.39036e-12
                        Iterations               :	1
                        Solver time              :	0 s


                      ------------------------------------------------------------------------------
2024-08-14 16:20:45     Stimulation port         :	4
                        Accuracy                 :	1.37922e-12
                        Iterations               :	1
                        Solver time              :	0 s


                      ------------------------------------------------------------------------------
2024-08-14 16:20:45     Total time               :	10 s

                      ------------------------------------------------------------------------------
2024-08-14 16:20:45   

                      ------------------------------------------------------------------------------
2024-08-14 16:20:45     Calculation 9 (Frequency: 60 MHz)


                      ------------------------------------------------------------------------------
2024-08-14 16:20:56     Matrix setup time        :	1 s
                        Solver setup             :	8 s
                        Degrees of freedom       :	537764
                        Number of mesh cells     :	78536

                        Stimulation port         :	1
                        Accuracy                 :	1.07369e-12
                        Iterations               :	1
                        Solver time              :	0 s


                      ------------------------------------------------------------------------------
2024-08-14 16:20:56     Stimulation port         :	2
                        Accuracy                 :	4.00418e-13
                        Iterations               :	1
                        Solver time              :	0 s


                      ------------------------------------------------------------------------------
2024-08-14 16:20:56     Stimulation port         :	3
                        Accuracy                 :	3.75577e-13
                        Iterations               :	1
                        Solver time              :	0 s


                      ------------------------------------------------------------------------------
2024-08-14 16:20:56     Stimulation port         :	4
                        Accuracy                 :	4.19002e-13
                        Iterations               :	1
                        Solver time              :	0 s


                      ------------------------------------------------------------------------------
2024-08-14 16:20:56     Total time               :	10 s

                      ------------------------------------------------------------------------------
2024-08-14 16:20:56   

                      ------------------------------------------------------------------------------
2024-08-14 16:20:56     Calculation 10 (Frequency: 1724 MHz)


                      ------------------------------------------------------------------------------
2024-08-14 16:21:07     Matrix setup time        :	1 s
                        Solver setup             :	9 s
                        Degrees of freedom       :	537764
                        Number of mesh cells     :	78536

                        Stimulation port         :	1
                        Accuracy                 :	1.72591e-11
                        Iterations               :	1
                        Solver time              :	0 s


                      ------------------------------------------------------------------------------
2024-08-14 16:21:07     Stimulation port         :	2
                        Accuracy                 :	4.60301e-12
                        Iterations               :	1
                        Solver time              :	0 s


                      ------------------------------------------------------------------------------
2024-08-14 16:21:07     Stimulation port         :	3
                        Accuracy                 :	5.62072e-12
                        Iterations               :	1
                        Solver time              :	0 s


                      ------------------------------------------------------------------------------
2024-08-14 16:21:07     Stimulation port         :	4
                        Accuracy                 :	9.28002e-13
                        Iterations               :	1
                        Solver time              :	0 s


                      ------------------------------------------------------------------------------
2024-08-14 16:21:07     Total time               :	11 s

                      ------------------------------------------------------------------------------
2024-08-14 16:21:07   

                      ------------------------------------------------------------------------------
2024-08-14 16:21:07     Calculation 11 (Frequency: 100 MHz)


                      ------------------------------------------------------------------------------
2024-08-14 16:21:19     Matrix setup time        :	1 s
                        Solver setup             :	9 s
                        Degrees of freedom       :	537764
                        Number of mesh cells     :	78536

                        Stimulation port         :	1
                        Accuracy                 :	1.01542e-12
                        Iterations               :	1
                        Solver time              :	0 s


                      ------------------------------------------------------------------------------
2024-08-14 16:21:19     Stimulation port         :	2
                        Accuracy                 :	5.98217e-13
                        Iterations               :	1
                        Solver time              :	0 s


                      ------------------------------------------------------------------------------
2024-08-14 16:21:19     Stimulation port         :	3
                        Accuracy                 :	3.65021e-13
                        Iterations               :	1
                        Solver time              :	0 s


                      ------------------------------------------------------------------------------
2024-08-14 16:21:19     Stimulation port         :	4
                        Accuracy                 :	2.80171e-13
                        Iterations               :	1
                        Solver time              :	0 s


                      ------------------------------------------------------------------------------
2024-08-14 16:21:19     Total time               :	11 s

                      ------------------------------------------------------------------------------
2024-08-14 16:21:19   

                      ------------------------------------------------------------------------------
2024-08-14 16:21:19     Calculation 12 (Frequency: 1654 MHz)


                      ------------------------------------------------------------------------------
2024-08-14 16:21:31     Matrix setup time        :	1 s
                        Solver setup             :	10 s
                        Degrees of freedom       :	537764
                        Number of mesh cells     :	78536

                        Stimulation port         :	1
                        Accuracy                 :	3.73307e-12
                        Iterations               :	1
                        Solver time              :	0 s


                      ------------------------------------------------------------------------------
2024-08-14 16:21:31     Stimulation port         :	2
                        Accuracy                 :	5.75713e-12
                        Iterations               :	1
                        Solver time              :	0 s


                      ------------------------------------------------------------------------------
2024-08-14 16:21:31     Stimulation port         :	3
                        Accuracy                 :	1.33989e-12
                        Iterations               :	1
                        Solver time              :	0 s


                      ------------------------------------------------------------------------------
2024-08-14 16:21:31     Stimulation port         :	4
                        Accuracy                 :	1.13117e-12
                        Iterations               :	1
                        Solver time              :	0 s


                      ------------------------------------------------------------------------------
2024-08-14 16:21:31     Total time               :	12 s

                      ------------------------------------------------------------------------------
2024-08-14 16:21:31   

                      ------------------------------------------------------------------------------
2024-08-14 16:21:31     Calculation 13 (Frequency: 1740 MHz)


                      ------------------------------------------------------------------------------
2024-08-14 16:21:43     Matrix setup time        :	1 s
                        Solver setup             :	10 s
                        Degrees of freedom       :	537764
                        Number of mesh cells     :	78536

                        Stimulation port         :	1
                        Accuracy                 :	6.27294e-12
                        Iterations               :	1
                        Solver time              :	0 s


                      ------------------------------------------------------------------------------
2024-08-14 16:21:43     Stimulation port         :	2
                        Accuracy                 :	1.58339e-12
                        Iterations               :	1
                        Solver time              :	0 s


                      ------------------------------------------------------------------------------
2024-08-14 16:21:43     Stimulation port         :	3
                        Accuracy                 :	2.4827e-12
                        Iterations               :	1
                        Solver time              :	0 s


                      ------------------------------------------------------------------------------
2024-08-14 16:21:43     Stimulation port         :	4
                        Accuracy                 :	4.43779e-13
                        Iterations               :	1
                        Solver time              :	0 s


                      ------------------------------------------------------------------------------
2024-08-14 16:21:44     Total time               :	12 s

                      ------------------------------------------------------------------------------
2024-08-14 16:21:44   

                      ------------------------------------------------------------------------------
2024-08-14 16:21:44     Calculation 14 (Frequency: 1630 MHz)


                      ------------------------------------------------------------------------------
2024-08-14 16:21:58     Matrix setup time        :	1 s
                        Solver setup             :	11 s
                        Degrees of freedom       :	537764
                        Number of mesh cells     :	78536

                        Stimulation port         :	1
                        Accuracy                 :	5.78662e-12
                        Iterations               :	1
                        Solver time              :	0 s


                      ------------------------------------------------------------------------------
2024-08-14 16:21:58     Stimulation port         :	2
                        Accuracy                 :	2.16689e-11
                        Iterations               :	1
                        Solver time              :	0 s


                      ------------------------------------------------------------------------------
2024-08-14 16:21:58     Stimulation port         :	3
                        Accuracy                 :	2.17164e-12
                        Iterations               :	1
                        Solver time              :	0 s


                      ------------------------------------------------------------------------------
2024-08-14 16:21:58     Stimulation port         :	4
                        Accuracy                 :	3.26869e-12
                        Iterations               :	1
                        Solver time              :	0 s


                      ------------------------------------------------------------------------------
2024-08-14 16:21:58     Total time               :	14 s

                      ------------------------------------------------------------------------------
2024-08-14 16:21:58   

                      ------------------------------------------------------------------------------
2024-08-14 16:21:58     Calculation 15 (Frequency: 1728 MHz)


                      ------------------------------------------------------------------------------
2024-08-14 16:22:12     Matrix setup time        :	1 s
                        Solver setup             :	11 s
                        Degrees of freedom       :	537764
                        Number of mesh cells     :	78536

                        Stimulation port         :	1
                        Accuracy                 :	9.60582e-12
                        Iterations               :	1
                        Solver time              :	0 s


                      ------------------------------------------------------------------------------
2024-08-14 16:22:12     Stimulation port         :	2
                        Accuracy                 :	5.34998e-12
                        Iterations               :	1
                        Solver time              :	0 s


                      ------------------------------------------------------------------------------
2024-08-14 16:22:12     Stimulation port         :	3
                        Accuracy                 :	3.53082e-12
                        Iterations               :	1
                        Solver time              :	0 s


                      ------------------------------------------------------------------------------
2024-08-14 16:22:12     Stimulation port         :	4
                        Accuracy                 :	8.66017e-13
                        Iterations               :	1
                        Solver time              :	0 s


                      ------------------------------------------------------------------------------
2024-08-14 16:22:12     Total time               :	14 s

                      ------------------------------------------------------------------------------
2024-08-14 16:22:12   

                      ------------------------------------------------------------------------------
2024-08-14 16:22:12     Calculation 16 (Frequency: 1714 MHz)


                      ------------------------------------------------------------------------------
2024-08-14 16:22:27     Matrix setup time        :	1 s
                        Solver setup             :	13 s
                        Degrees of freedom       :	537764
                        Number of mesh cells     :	78536

                        Stimulation port         :	1
                        Accuracy                 :	4.98233e-12
                        Iterations               :	1
                        Solver time              :	0 s


                      ------------------------------------------------------------------------------
2024-08-14 16:22:27     Stimulation port         :	2
                        Accuracy                 :	6.94402e-12
                        Iterations               :	1
                        Solver time              :	0 s


                      ------------------------------------------------------------------------------
2024-08-14 16:22:27     Stimulation port         :	3
                        Accuracy                 :	1.59779e-12
                        Iterations               :	1
                        Solver time              :	0 s


                      ------------------------------------------------------------------------------
2024-08-14 16:22:27     Stimulation port         :	4
                        Accuracy                 :	1.00821e-12
                        Iterations               :	1
                        Solver time              :	0 s


                      ------------------------------------------------------------------------------
2024-08-14 16:22:27     Total time               :	15 s

                      ------------------------------------------------------------------------------
2024-08-14 16:22:27   

                      ------------------------------------------------------------------------------
2024-08-14 16:22:27     Calculation 17 (Frequency: 1730 MHz)


                      ------------------------------------------------------------------------------
2024-08-14 16:22:43     Matrix setup time        :	1 s
                        Solver setup             :	13 s
                        Degrees of freedom       :	537764
                        Number of mesh cells     :	78536

                        Stimulation port         :	1
                        Accuracy                 :	1.50306e-11
                        Iterations               :	1
                        Solver time              :	0 s


                      ------------------------------------------------------------------------------
2024-08-14 16:22:43     Stimulation port         :	2
                        Accuracy                 :	5.83772e-12
                        Iterations               :	1
                        Solver time              :	0 s


                      ------------------------------------------------------------------------------
2024-08-14 16:22:43     Stimulation port         :	3
                        Accuracy                 :	9.42302e-12
                        Iterations               :	1
                        Solver time              :	0 s


                      ------------------------------------------------------------------------------
2024-08-14 16:22:43     Stimulation port         :	4
                        Accuracy                 :	1.85867e-12
                        Iterations               :	1
                        Solver time              :	0 s


                      ------------------------------------------------------------------------------
2024-08-14 16:22:43     Total time               :	15 s

                      ------------------------------------------------------------------------------
2024-08-14 16:22:43   

                      ------------------------------------------------------------------------------
2024-08-14 16:22:43     Calculation 18 (Frequency: 1706 MHz)


                      ------------------------------------------------------------------------------
2024-08-14 16:22:59     Matrix setup time        :	1 s
                        Solver setup             :	13 s
                        Degrees of freedom       :	537764
                        Number of mesh cells     :	78536

                        Stimulation port         :	1
                        Accuracy                 :	3.34964e-12
                        Iterations               :	1
                        Solver time              :	0 s


                      ------------------------------------------------------------------------------
2024-08-14 16:22:59     Stimulation port         :	2
                        Accuracy                 :	9.24401e-12
                        Iterations               :	1
                        Solver time              :	0 s


                      ------------------------------------------------------------------------------
2024-08-14 16:22:59     Stimulation port         :	3
                        Accuracy                 :	1.31631e-12
                        Iterations               :	1
                        Solver time              :	0 s


                      ------------------------------------------------------------------------------
2024-08-14 16:22:59     Stimulation port         :	4
                        Accuracy                 :	1.07534e-12
                        Iterations               :	1
                        Solver time              :	0 s


                      ------------------------------------------------------------------------------
2024-08-14 16:22:59     Total time               :	16 s

                      ------------------------------------------------------------------------------
2024-08-14 16:22:59   

                      ------------------------------------------------------------------------------
2024-08-14 16:22:59     Calculation 19 (Frequency: 1752 MHz)


                      ------------------------------------------------------------------------------
2024-08-14 16:23:16     Matrix setup time        :	1 s
                        Solver setup             :	13 s
                        Degrees of freedom       :	537764
                        Number of mesh cells     :	78536

                        Stimulation port         :	1
                        Accuracy                 :	1.54911e-11
                        Iterations               :	1
                        Solver time              :	0 s


                      ------------------------------------------------------------------------------
2024-08-14 16:23:16     Stimulation port         :	2
                        Accuracy                 :	3.37488e-12
                        Iterations               :	1
                        Solver time              :	0 s


                      ------------------------------------------------------------------------------
2024-08-14 16:23:16     Stimulation port         :	3
                        Accuracy                 :	8.8301e-12
                        Iterations               :	1
                        Solver time              :	0 s


                      ------------------------------------------------------------------------------
2024-08-14 16:23:16     Stimulation port         :	4
                        Accuracy                 :	9.84194e-13
                        Iterations               :	1
                        Solver time              :	0 s


                      ------------------------------------------------------------------------------
2024-08-14 16:23:16     Total time               :	16 s

                      ------------------------------------------------------------------------------
2024-08-14 16:23:16   

                      ------------------------------------------------------------------------------
2024-08-14 16:23:16     Calculation 20 (Frequency: 1928 MHz)


                      ------------------------------------------------------------------------------
2024-08-14 16:23:32     Matrix setup time        :	1 s
                        Solver setup             :	14 s
                        Degrees of freedom       :	537764
                        Number of mesh cells     :	78536

                        Stimulation port         :	1
                        Accuracy                 :	1.09929e-11
                        Iterations               :	1
                        Solver time              :	0 s


                      ------------------------------------------------------------------------------
2024-08-14 16:23:32     Stimulation port         :	2
                        Accuracy                 :	2.63915e-12
                        Iterations               :	1
                        Solver time              :	0 s


                      ------------------------------------------------------------------------------
2024-08-14 16:23:32     Stimulation port         :	3
                        Accuracy                 :	1.82225e-12
                        Iterations               :	1
                        Solver time              :	0 s


                      ------------------------------------------------------------------------------
2024-08-14 16:23:32     Stimulation port         :	4
                        Accuracy                 :	6.4421e-13
                        Iterations               :	1
                        Solver time              :	0 s


                      ------------------------------------------------------------------------------
2024-08-14 16:23:33     Total time               :	16 s

                      ------------------------------------------------------------------------------
2024-08-14 16:23:33   

                      ------------------------------------------------------------------------------
2024-08-14 16:23:33     Calculation 21 (Frequency: 1132 MHz)


                      ------------------------------------------------------------------------------
2024-08-14 16:23:51     Matrix setup time        :	1 s
                        Solver setup             :	15 s
                        Degrees of freedom       :	537764
                        Number of mesh cells     :	78536

                        Stimulation port         :	1
                        Accuracy                 :	8.24376e-12
                        Iterations               :	1
                        Solver time              :	0 s


                      ------------------------------------------------------------------------------
2024-08-14 16:23:51     Stimulation port         :	2
                        Accuracy                 :	1.1368e-11
                        Iterations               :	1
                        Solver time              :	0 s


                      ------------------------------------------------------------------------------
2024-08-14 16:23:51     Stimulation port         :	3
                        Accuracy                 :	3.30683e-12
                        Iterations               :	1
                        Solver time              :	0 s


                      ------------------------------------------------------------------------------
2024-08-14 16:23:51     Stimulation port         :	4
                        Accuracy                 :	2.44843e-12
                        Iterations               :	1
                        Solver time              :	0 s


                      ------------------------------------------------------------------------------
2024-08-14 16:23:51     Total time               :	18 s

                      ------------------------------------------------------------------------------
2024-08-14 16:23:51   

                      ------------------------------------------------------------------------------
2024-08-14 16:23:51     Calculation 22 (Frequency: 1948 MHz)


                      ------------------------------------------------------------------------------
2024-08-14 16:24:09     Matrix setup time        :	1 s
                        Solver setup             :	16 s
                        Degrees of freedom       :	537764
                        Number of mesh cells     :	78536

                        Stimulation port         :	1
                        Accuracy                 :	2.08476e-11
                        Iterations               :	1
                        Solver time              :	0 s


                      ------------------------------------------------------------------------------
2024-08-14 16:24:09     Stimulation port         :	2
                        Accuracy                 :	3.08243e-12
                        Iterations               :	1
                        Solver time              :	0 s


                      ------------------------------------------------------------------------------
2024-08-14 16:24:09     Stimulation port         :	3
                        Accuracy                 :	4.71308e-12
                        Iterations               :	1
                        Solver time              :	0 s


                      ------------------------------------------------------------------------------
2024-08-14 16:24:09     Stimulation port         :	4
                        Accuracy                 :	8.26859e-13
                        Iterations               :	1
                        Solver time              :	0 s


                      ------------------------------------------------------------------------------
2024-08-14 16:24:10     Total time               :	18 s

                      ------------------------------------------------------------------------------
2024-08-14 16:24:10   

                      ------------------------------------------------------------------------------
2024-08-14 16:24:10     Calculation 23 (Frequency: 1108 MHz)


                      ------------------------------------------------------------------------------
2024-08-14 16:24:26     Matrix setup time        :	1 s
                        Solver setup             :	14 s
                        Degrees of freedom       :	537764
                        Number of mesh cells     :	78536

                        Stimulation port         :	1
                        Accuracy                 :	2.48045e-11
                        Iterations               :	1
                        Solver time              :	0 s


                      ------------------------------------------------------------------------------
2024-08-14 16:24:26     Stimulation port         :	2
                        Accuracy                 :	7.6417e-12
                        Iterations               :	1
                        Solver time              :	0 s


                      ------------------------------------------------------------------------------
2024-08-14 16:24:26     Stimulation port         :	3
                        Accuracy                 :	1.23139e-11
                        Iterations               :	1
                        Solver time              :	0 s


                      ------------------------------------------------------------------------------
2024-08-14 16:24:26     Stimulation port         :	4
                        Accuracy                 :	1.78599e-12
                        Iterations               :	1
                        Solver time              :	0 s


                      ------------------------------------------------------------------------------
2024-08-14 16:24:27     Total time               :	16 s

                      ------------------------------------------------------------------------------
2024-08-14 16:24:27   

                      ------------------------------------------------------------------------------
2024-08-14 16:24:27     Calculation 24 (Frequency: 1956 MHz)


                      ------------------------------------------------------------------------------
2024-08-14 16:24:45     Matrix setup time        :	1 s
                        Solver setup             :	16 s
                        Degrees of freedom       :	537764
                        Number of mesh cells     :	78536

                        Stimulation port         :	1
                        Accuracy                 :	4.48033e-12
                        Iterations               :	1
                        Solver time              :	0 s


                      ------------------------------------------------------------------------------
2024-08-14 16:24:45     Stimulation port         :	2
                        Accuracy                 :	4.11303e-12
                        Iterations               :	1
                        Solver time              :	0 s


                      ------------------------------------------------------------------------------
2024-08-14 16:24:45     Stimulation port         :	3
                        Accuracy                 :	1.51523e-12
                        Iterations               :	1
                        Solver time              :	0 s


                      ------------------------------------------------------------------------------
2024-08-14 16:24:45     Stimulation port         :	4
                        Accuracy                 :	9.80658e-13
                        Iterations               :	1
                        Solver time              :	0 s


                      ------------------------------------------------------------------------------
2024-08-14 16:24:45     Total time               :	18 s

                      ------------------------------------------------------------------------------
2024-08-14 16:24:45   

                      ------------------------------------------------------------------------------
2024-08-14 16:24:45     Calculation 25 (Frequency: 1106 MHz)


                      ------------------------------------------------------------------------------
2024-08-14 16:25:04     Matrix setup time        :	1 s
                        Solver setup             :	16 s
                        Degrees of freedom       :	537764
                        Number of mesh cells     :	78536

                        Stimulation port         :	1
                        Accuracy                 :	2.00003e-11
                        Iterations               :	1
                        Solver time              :	1 s


                      ------------------------------------------------------------------------------
2024-08-14 16:25:04     Stimulation port         :	2
                        Accuracy                 :	6.56919e-12
                        Iterations               :	1
                        Solver time              :	1 s


                      ------------------------------------------------------------------------------
2024-08-14 16:25:04     Stimulation port         :	3
                        Accuracy                 :	1.04813e-11
                        Iterations               :	1
                        Solver time              :	1 s


                      ------------------------------------------------------------------------------
2024-08-14 16:25:04     Stimulation port         :	4
                        Accuracy                 :	2.11626e-12
                        Iterations               :	1
                        Solver time              :	1 s


                      ------------------------------------------------------------------------------
2024-08-14 16:25:04     Total time               :	19 s

                      ------------------------------------------------------------------------------
2024-08-14 16:25:04   

                      ------------------------------------------------------------------------------
2024-08-14 16:25:04     Calculation 26 (Frequency: 1758 MHz)


                      ------------------------------------------------------------------------------
2024-08-14 16:25:24     Matrix setup time        :	1 s
                        Solver setup             :	16 s
                        Degrees of freedom       :	537764
                        Number of mesh cells     :	78536

                        Stimulation port         :	1
                        Accuracy                 :	5.16309e-11
                        Iterations               :	1
                        Solver time              :	0 s


                      ------------------------------------------------------------------------------
2024-08-14 16:25:24     Stimulation port         :	2
                        Accuracy                 :	3.29166e-12
                        Iterations               :	1
                        Solver time              :	0 s


                      ------------------------------------------------------------------------------
2024-08-14 16:25:24     Stimulation port         :	3
                        Accuracy                 :	8.60637e-12
                        Iterations               :	1
                        Solver time              :	0 s


                      ------------------------------------------------------------------------------
2024-08-14 16:25:24     Stimulation port         :	4
                        Accuracy                 :	1.23496e-12
                        Iterations               :	1
                        Solver time              :	0 s


                      ------------------------------------------------------------------------------
2024-08-14 16:25:24     Total time               :	19 s

                      ------------------------------------------------------------------------------
2024-08-14 16:25:24   

                      ------------------------------------------------------------------------------
2024-08-14 16:25:24     Calculation 27 (Frequency: 1152 MHz)


                      ------------------------------------------------------------------------------
2024-08-14 16:25:44     Matrix setup time        :	1 s
                        Solver setup             :	17 s
                        Degrees of freedom       :	537764
                        Number of mesh cells     :	78536

                        Stimulation port         :	1
                        Accuracy                 :	2.86998e-11
                        Iterations               :	1
                        Solver time              :	0 s


                      ------------------------------------------------------------------------------
2024-08-14 16:25:44     Stimulation port         :	2
                        Accuracy                 :	2.81405e-12
                        Iterations               :	1
                        Solver time              :	0 s


                      ------------------------------------------------------------------------------
2024-08-14 16:25:44     Stimulation port         :	3
                        Accuracy                 :	1.00679e-11
                        Iterations               :	1
                        Solver time              :	0 s


                      ------------------------------------------------------------------------------
2024-08-14 16:25:44     Stimulation port         :	4
                        Accuracy                 :	9.70133e-13
                        Iterations               :	1
                        Solver time              :	0 s


                      ------------------------------------------------------------------------------
2024-08-14 16:25:44     Total time               :	19 s

                      ------------------------------------------------------------------------------
2024-08-14 16:25:44   

                      ------------------------------------------------------------------------------
2024-08-14 16:25:44     Calculation 28 (Frequency: 1702 MHz)


                      ------------------------------------------------------------------------------
2024-08-14 16:26:03     Matrix setup time        :	1 s
                        Solver setup             :	16 s
                        Degrees of freedom       :	537764
                        Number of mesh cells     :	78536

                        Stimulation port         :	1
                        Accuracy                 :	1.67989e-11
                        Iterations               :	1
                        Solver time              :	0 s


                      ------------------------------------------------------------------------------
2024-08-14 16:26:03     Stimulation port         :	2
                        Accuracy                 :	5.26757e-12
                        Iterations               :	1
                        Solver time              :	1 s


                      ------------------------------------------------------------------------------
2024-08-14 16:26:03     Stimulation port         :	3
                        Accuracy                 :	9.0115e-12
                        Iterations               :	1
                        Solver time              :	1 s


                      ------------------------------------------------------------------------------
2024-08-14 16:26:03     Stimulation port         :	4
                        Accuracy                 :	9.64026e-13
                        Iterations               :	1
                        Solver time              :	1 s


                      ------------------------------------------------------------------------------
2024-08-14 16:26:04     Total time               :	19 s

                      ------------------------------------------------------------------------------
2024-08-14 16:26:04   

                      ------------------------------------------------------------------------------
2024-08-14 16:26:04     Calculation 29 (Frequency: 24 MHz)


                      ------------------------------------------------------------------------------
2024-08-14 16:26:22     Matrix setup time        :	1 s
                        Solver setup             :	15 s
                        Degrees of freedom       :	537764
                        Number of mesh cells     :	78536

                        Stimulation port         :	1
                        Accuracy                 :	1.67718e-12
                        Iterations               :	1
                        Solver time              :	0 s


                      ------------------------------------------------------------------------------
2024-08-14 16:26:22     Stimulation port         :	2
                        Accuracy                 :	2.75852e-13
                        Iterations               :	1
                        Solver time              :	0 s


                      ------------------------------------------------------------------------------
2024-08-14 16:26:22     Stimulation port         :	3
                        Accuracy                 :	7.78111e-13
                        Iterations               :	1
                        Solver time              :	0 s


                      ------------------------------------------------------------------------------
2024-08-14 16:26:22     Stimulation port         :	4
                        Accuracy                 :	1.1428e-12
                        Iterations               :	1
                        Solver time              :	0 s


                      ------------------------------------------------------------------------------
2024-08-14 16:26:22     Total time               :	18 s

                      ------------------------------------------------------------------------------
2024-08-14 16:26:22   

                      ------------------------------------------------------------------------------
2024-08-14 16:26:22     Calculation 30 (Frequency: 1988 MHz)


                      ------------------------------------------------------------------------------
2024-08-14 16:26:40     Matrix setup time        :	1 s
                        Solver setup             :	15 s
                        Degrees of freedom       :	537764
                        Number of mesh cells     :	78536

                        Stimulation port         :	1
                        Accuracy                 :	8.28751e-12
                        Iterations               :	1
                        Solver time              :	0 s


                      ------------------------------------------------------------------------------
2024-08-14 16:26:40     Stimulation port         :	2
                        Accuracy                 :	3.43388e-12
                        Iterations               :	1
                        Solver time              :	0 s


                      ------------------------------------------------------------------------------
2024-08-14 16:26:40     Stimulation port         :	3
                        Accuracy                 :	1.208e-12
                        Iterations               :	1
                        Solver time              :	0 s


                      ------------------------------------------------------------------------------
2024-08-14 16:26:40     Stimulation port         :	4
                        Accuracy                 :	1.27899e-12
                        Iterations               :	1
                        Solver time              :	0 s


                      ------------------------------------------------------------------------------
2024-08-14 16:26:40     Total time               :	18 s

                      ------------------------------------------------------------------------------
2024-08-14 16:26:40   

                      ------------------------------------------------------------------------------
2024-08-14 16:26:40     Calculation 31 (Frequency: 14 MHz)


                      ------------------------------------------------------------------------------
2024-08-14 16:26:58     Matrix setup time        :	1 s
                        Solver setup             :	15 s
                        Degrees of freedom       :	537764
                        Number of mesh cells     :	78536

                        Stimulation port         :	1
                        Accuracy                 :	1.74394e-12
                        Iterations               :	1
                        Solver time              :	0 s


                      ------------------------------------------------------------------------------
2024-08-14 16:26:58     Stimulation port         :	2
                        Accuracy                 :	2.38768e-13
                        Iterations               :	1
                        Solver time              :	0 s


                      ------------------------------------------------------------------------------
2024-08-14 16:26:58     Stimulation port         :	3
                        Accuracy                 :	9.93264e-13
                        Iterations               :	1
                        Solver time              :	0 s


                      ------------------------------------------------------------------------------
2024-08-14 16:26:58     Stimulation port         :	4
                        Accuracy                 :	1.44429e-12
                        Iterations               :	1
                        Solver time              :	0 s


                      ------------------------------------------------------------------------------
2024-08-14 16:26:58     Total time               :	17 s

                      ------------------------------------------------------------------------------
2024-08-14 16:26:58   

                      ------------------------------------------------------------------------------
2024-08-14 16:26:58   Finished the general purpose interpolative broadband frequency sweep:
                      All broadband sweep convergence criteria have been satisfied after
                      calculating 31 frequency samples:

                        Broadband sweep error threshold value :  0.01 (All S-Parameters) 
                        Number of error criterion checks      :  2 (All S-Parameters) 
                        Minimum number of samples             :  3
                        Number of data samples, linear        :  1001

                      ------------------------------------------------------------------------------
2024-08-14 16:26:58     Number of mesh cells     :	78536
                        Degrees of freedom       :	537764
                        Total Solver Time        :	535 s	 (= 0 h, 08 m, 55 s)
                      ================================================================================



                      ------------------------------------------------------------------------------
2024-08-14 16:26:58   Calculating remaining monitors.

                      ------------------------------------------------------------------------------
2024-08-14 16:26:59     ----------------------------------------------------------------------------
                                            Peak memory used (kB)         Free physical memory (kB) 
                                                                          At begin     Minimum      
                        ----------------------------------------------------------------------------
                        Solver start        22544                         14692760     14685148     
                        Eq. system setup    3904212                       14547768     12976888     
                        Eq. system solve    3904212                       14454344     10856780     
                        Mesh refinement     2400860                       14153224     13522228     
                        Solver run total    3904212                       14692764     10856780     

                        Computer name       bruno-desktop-windows
                        ----------------------------------------------------------------------------


                      ------------------------------------------------------------------------------
2024-08-14 16:26:59   Running postprocessing.

                      ------------------------------------------------------------------------------
2024-08-14 16:27:01   Postprocessing finished.

                      ------------------------------------------------------------------------------
